Sencha Cmd 6.0.0.202 - Crash report
================================================
An error occurred while executing the following command: build app

Diagnostic information:
=======================
                         app.archivePath : archive                                           
                      app.bootstrap.base : C:\xampp\htdocs\extjsdev                          
                       app.bootstrap.css : bootstrap.css                                     
                  app.bootstrap.manifest : bootstrap.json                                    
               app.bootstrap.microloader : bootstrap.js                                      
                        app.cache.deltas : deltas                                            
                           app.classpath : C:\xampp\htdocs\extjsdev/app                      
                         app.cmd.version : 6.0.0.202                                         
                          app.config.dir : C:\xampp\htdocs\extjsdev\.sencha\app              
                   app.cordova.config.id : com.domain.D7C                                    
                 app.cordova.config.name : D7C                                               
                 app.cordova.config.path : C:\xampp\htdocs\extjsdev/cordova                  
               app.cordova.config.target :                                                   
              app.cordova.config.verbose : false                                             
                   app.cordova.js.0.path : cordova.js                                        
               app.cordova.js.0.priority : 1000                                              
                 app.cordova.js.0.remote : true                                              
                   app.cordova.js.length : 1                                                 
                 app.cordova.microloader : C:\xampp\htdocs\extjsdev\.sencha\app/Microloader.js
                 app.cordova.output.base : C:\xampp\htdocs\extjsdev/cordova/www              
         app.cordova.output.cache.enable : false                                             
        app.cordova.output.deltas.enable : false                                             
     app.development.output.cache.enable : false                                             
    app.development.output.deltas.enable : false                                             
                                 app.dir : C:\xampp\htdocs\extjsdev                          
                           app.framework : ext                                               
                   app.framework.version : 5.1.1.451                                         
                                  app.id : 613a61c8-0b4d-4dbc-86b8-c13c70237d69              
                       app.indexHtmlPath : index.html                                        
                                app.name : D7C                                               
                         app.output.base : C:\xampp\htdocs\extjsdev/build/${build.environment}/D7C
                 app.output.cache.enable : false                                             
                app.output.deltas.enable : false                                             
           app.output.microloader.enable : true                                              
                           app.overrides : C:\xampp\htdocs\extjsdev/overrides                
                           app.page.name : index.html                                        
                  app.phonegap.config.id : com.domain.D7C                                    
                app.phonegap.config.name : D7C                                               
                app.phonegap.config.path : C:\xampp\htdocs\extjsdev/phonegap                 
              app.phonegap.config.remote : false                                             
             app.phonegap.config.verbose : false                                             
                  app.phonegap.js.0.path : phonegap.js                                       
              app.phonegap.js.0.priority : 1000                                              
                app.phonegap.js.0.remote : true                                              
                  app.phonegap.js.length : 1                                                 
                app.phonegap.microloader : C:\xampp\htdocs\extjsdev\.sencha\app/Microloader.js
                app.phonegap.output.base : C:\xampp\htdocs\extjsdev/phonegap/www             
        app.phonegap.output.cache.enable : false                                             
       app.phonegap.output.deltas.enable : false                                             
          app.production.compressor.type : yui                                               
                      app.requires.names : sencha-core,ext,sencha-charts                     
                   app.requires.packages : C:\xampp\htdocs\extjsdev\ext\packages\sencha-core,C:\xampp\htdocs\extjsdev\ext,C:\xampp\htdocs\extjsdev\ext\packages\sencha-charts
                      app.resource.paths : C:\xampp\htdocs\extjsdev/resources                
                        app.sass.etcpath : C:\xampp\htdocs\extjsdev/sass/etc/all.scss        
                      app.sass.namespace : D7C                                               
                        app.sass.srcpath : C:\xampp\htdocs\extjsdev/sass/src                 
                        app.sass.varpath : C:\xampp\htdocs\extjsdev/sass/var                 
        app.slicer.js.0.isWidgetManifest : true                                              
                    app.slicer.js.0.path : C:\xampp\htdocs\extjsdev/sass/example/custom.js   
                    app.slicer.js.length : 1                                                 
          app.slicer.output.cache.enable : false                                             
         app.slicer.output.deltas.enable : false                                             
         app.testing.output.cache.enable : false                                             
        app.testing.output.deltas.enable : false                                             
                               app.theme : ext-theme-neptune                                 
                    buildenvironment.dir : C:\xampp\htdocs\extjsdev                          
               buildenvironment.load.dir : C:\xampp\htdocs\extjsdev                          
                          cmd.config.dir : C:\Users\Windows7U\bin\Sencha\Cmd\6.0.0.202       
                                 cmd.dir : C:\Users\Windows7U\bin\Sencha\Cmd\6.0.0.202       
                    cmd.framework.minver : 5.0.0                                             
                   cmd.framework.version : 5.4.99.9999                                       
                            cmd.jvm.args : -Xms128m -Xmx1024m -Dapple.awt.UIElement=true     
              cmd.merge.tool.args.araxis : -wait -merge -3 -a1 {base} {user} {generated} {out}
              cmd.merge.tool.args.kdiff3 : {base} {user} {generated} -o {out}                
             cmd.merge.tool.args.p4merge : {base} {user} {generated} {out}                   
           cmd.merge.tool.args.smartsync : {user} {generated} {base}                         
          cmd.merge.tool.args.sourcegear : --merge --result={out} {user} {base} {generated}  
            cmd.merge.tool.args.tortoise : -base:{base} -theirs:{generated} -mine:{user} -merged:{out}
                              cmd.minver : 3.0.0.0                                           
                            cmd.platform : windows                                           
                         cmd.server.port : 1841                                              
                     cmd.unicode.escapes : C:\Users\Windows7U\bin\Sencha\Cmd\6.0.0.202/unicode-escapes.json
                             cmd.version : 6.0.0.202                                         
                            cmd.web.port : 1841                                              
                      config.skipInherit : false                                             
                                 ext.dir : C:\xampp\htdocs\extjsdev/ext                      
                        ext.license.name : gpl                                               
                     framework.classpath : C:\xampp\htdocs\extjsdev\ext/src                  
                    framework.cmd.minver : 5.1.3.61                                          
                   framework.cmd.version : 5.1.3.61                                          
                 framework.compatVersion : 4.0                                               
                    framework.config.dir : C:\Users\Windows7U\bin\Sencha\Cmd\6.0.0.202\plugins\ext\5.1
                       framework.creator : Sencha                                            
           framework.detailedDescription : Sencha Ext JS JavaScript Framework                
                           framework.dir : C:\xampp\htdocs\extjsdev\ext                      
                        framework.format : 1                                                 
                          framework.isV5 : true                                              
                         framework.local : true                                              
                          framework.name : ext                                               
                        framework.output : ${package.dir}/build                              
                  framework.packages.dir : C:\xampp\htdocs\extjsdev\ext/packages             
                       framework.summary : Ext JS                                            
                          framework.type : framework                                         
                       framework.version : 5.1.1.451                                         
                          repo.local.dir : C:\Users\Windows7U\bin\Sencha\Cmd\repo            
        system.java.net.useSystemProxies : true                                              
                        theme.base.names : ext-theme-base,ext-theme-neutral,ext-theme-neptune
                     theme.base.packages : C:\xampp\htdocs\extjsdev\ext\packages\ext-theme-base,C:\xampp\htdocs\extjsdev\ext\packages\ext-theme-neutral,C:\xampp\htdocs\extjsdev\ext\packages\ext-theme-neptune
                              theme.name : ext-theme-neptune                                 
                     workspace.build.dir : C:\xampp\htdocs\extjsdev/build                    
                   workspace.cmd.version : 6.0.0.202                                         
                    workspace.config.dir : C:\xampp\htdocs\extjsdev\.sencha\workspace        
                           workspace.dir : C:\xampp\htdocs\extjsdev                          
                  workspace.packages.dir : C:\xampp\htdocs\extjsdev/packages/local,C:\xampp\htdocs\extjsdev/packages
              workspace.packages.extract : C:\xampp\htdocs\extjsdev/packages/remote          
                     workspace.theme.dir : C:\xampp\htdocs\extjsdev/packages/local,C:\xampp\htdocs\extjsdev/packages/${args.themeName}

Exception information:
=======================
java.lang.NullPointerException
     at java.io.File.<init>(Unknown Source)
     at com.sencha.util.FileUtil.readFile(FileUtil.java:157)
     at com.sencha.tools.compiler.jsb.projects.JsbBuilder.processBuild(JsbBuilder.java:29)
     at com.sencha.command.build.JsbCommand.execute(JsbCommand.java:15)
     at sun.reflect.NativeMethodAccessorImpl.invoke0(Native Method)
     at sun.reflect.NativeMethodAccessorImpl.invoke(Unknown Source)
     at sun.reflect.DelegatingMethodAccessorImpl.invoke(Unknown Source)
     at java.lang.reflect.Method.invoke(Unknown Source)
     at com.sencha.util.MethodInvoker$Arguments.invoke(MethodInvoker.java:175)
     at com.sencha.cli.Command.dispatch(Command.java:43)
     at com.sencha.cli.Commands.dispatch(Commands.java:64)
     at com.sencha.command.Sencha.dispatch(Sencha.java:73)
     at com.sencha.command.Sencha.main(Sencha.java:141)
     at sun.reflect.NativeMethodAccessorImpl.invoke0(Native Method)
     at sun.reflect.NativeMethodAccessorImpl.invoke(Unknown Source)
     at sun.reflect.DelegatingMethodAccessorImpl.invoke(Unknown Source)
     at java.lang.reflect.Method.invoke(Unknown Source)
     at com.exe4j.runtime.LauncherEngine.launch(Unknown Source)
     at com.exe4j.runtime.WinLauncher.main(Unknown Source)
     at com.install4j.runtime.launcher.WinLauncher.main(Unknown Source)

